# JRE version: Java(TM) SE Runtime Environment (8.0_60-b27) (build 1.8.0_60-b27)
# Java VM: Java HotSpot(TM) 64-Bit Server VM (25.60-b23 mixed mode windows-amd64 compressed oops)
Heap:
 PSYoungGen      total 180736K, used 35881K [0x00000000d5f00000, 0x00000000e7980000, 0x0000000100000000)
  eden space 164864K, 13% used [0x00000000d5f00000,0x00000000d7472ae8,0x00000000e0000000)
  from space 15872K, 87% used [0x00000000e0000000,0x00000000e0d97b98,0x00000000e0f80000)
  to   space 17408K, 0% used [0x00000000e6880000,0x00000000e6880000,0x00000000e7980000)
 ParOldGen       total 66560K, used 29108K [0x0000000081c00000, 0x0000000085d00000, 0x00000000d5f00000)
  object space 66560K, 43% used [0x0000000081c00000,0x000000008386d078,0x0000000085d00000)
 Metaspace       used 22872K, capacity 23174K, committed 23552K, reserved 1069056K
  class space    used 2862K, capacity 2963K, committed 3072K, reserved 1048576K
GC Heap History (10 events):
Event: 7.580 GC heap before
{Heap before GC invocations=6 (full 1):
 PSYoungGen      total 53248K, used 53216K [0x00000000d5f00000, 0x00000000da200000, 0x0000000100000000)
  eden space 48128K, 100% used [0x00000000d5f00000,0x00000000d8e00000,0x00000000d8e00000)
  from space 5120K, 99% used [0x00000000d9300000,0x00000000d97f8040,0x00000000d9800000)
  to   space 5120K, 0% used [0x00000000d8e00000,0x00000000d8e00000,0x00000000d9300000)
 ParOldGen       total 66560K, used 20980K [0x0000000081c00000, 0x0000000085d00000, 0x00000000d5f00000)
  object space 66560K, 31% used [0x0000000081c00000,0x000000008307d038,0x0000000085d00000)
 Metaspace       used 22069K, capacity 22406K, committed 22656K, reserved 1069056K
  class space    used 2812K, capacity 2899K, committed 2944K, reserved 1048576K
Event: 7.588 GC heap after
Heap after GC invocations=6 (full 1):
 PSYoungGen      total 53248K, used 5088K [0x00000000d5f00000, 0x00000000dd700000, 0x0000000100000000)
  eden space 48128K, 0% used [0x00000000d5f00000,0x00000000d5f00000,0x00000000d8e00000)
  from space 5120K, 99% used [0x00000000d8e00000,0x00000000d92f8050,0x00000000d9300000)
  to   space 18432K, 0% used [0x00000000dc500000,0x00000000dc500000,0x00000000dd700000)
 ParOldGen       total 66560K, used 22676K [0x0000000081c00000, 0x0000000085d00000, 0x00000000d5f00000)
  object space 66560K, 34% used [0x0000000081c00000,0x0000000083225038,0x0000000085d00000)
 Metaspace       used 22069K, capacity 22406K, committed 22656K, reserved 1069056K
  class space    used 2812K, capacity 2899K, committed 2944K, reserved 1048576K
}
Event: 7.698 GC heap before
{Heap before GC invocations=7 (full 1):
 PSYoungGen      total 53248K, used 53216K [0x00000000d5f00000, 0x00000000dd700000, 0x0000000100000000)
  eden space 48128K, 100% used [0x00000000d5f00000,0x00000000d8e00000,0x00000000d8e00000)
  from space 5120K, 99% used [0x00000000d8e00000,0x00000000d92f8050,0x00000000d9300000)
  to   space 18432K, 0% used [0x00000000dc500000,0x00000000dc500000,0x00000000dd700000)
 ParOldGen       total 66560K, used 22676K [0x0000000081c00000, 0x0000000085d00000, 0x00000000d5f00000)
  object space 66560K, 34% used [0x0000000081c00000,0x0000000083225038,0x0000000085d00000)
 Metaspace       used 22069K, capacity 22406K, committed 22656K, reserved 1069056K
  class space    used 2812K, capacity 2899K, committed 2944K, reserved 1048576K
Event: 7.707 GC heap after
Heap after GC invocations=7 (full 1):
 PSYoungGen      total 104960K, used 6480K [0x00000000d5f00000, 0x00000000dd900000, 0x0000000100000000)
  eden space 86528K, 0% used [0x00000000d5f00000,0x00000000d5f00000,0x00000000db380000)
  from space 18432K, 35% used [0x00000000dc500000,0x00000000dcb54060,0x00000000dd700000)
  to   space 17920K, 0% used [0x00000000db380000,0x00000000db380000,0x00000000dc500000)
 ParOldGen       total 66560K, used 22676K [0x0000000081c00000, 0x0000000085d00000, 0x00000000d5f00000)
  object space 66560K, 34% used [0x0000000081c00000,0x0000000083225038,0x0000000085d00000)
 Metaspace       used 22069K, capacity 22406K, committed 22656K, reserved 1069056K
  class space    used 2812K, capacity 2899K, committed 2944K, reserved 1048576K
}
Event: 7.805 GC heap before
{Heap before GC invocations=8 (full 1):
 PSYoungGen      total 104960K, used 93008K [0x00000000d5f00000, 0x00000000dd900000, 0x0000000100000000)
  eden space 86528K, 100% used [0x00000000d5f00000,0x00000000db380000,0x00000000db380000)
  from space 18432K, 35% used [0x00000000dc500000,0x00000000dcb54060,0x00000000dd700000)
  to   space 17920K, 0% used [0x00000000db380000,0x00000000db380000,0x00000000dc500000)
 ParOldGen       total 66560K, used 22676K [0x0000000081c00000, 0x0000000085d00000, 0x00000000d5f00000)
  object space 66560K, 34% used [0x0000000081c00000,0x0000000083225038,0x0000000085d00000)
 Metaspace       used 22069K, capacity 22406K, committed 22656K, reserved 1069056K
  class space    used 2812K, capacity 2899K, committed 2944K, reserved 1048576K
Event: 7.816 GC heap after
Heap after GC invocations=8 (full 1):
 PSYoungGen      total 104448K, used 9408K [0x00000000d5f00000, 0x00000000e2000000, 0x0000000100000000)
  eden space 86528K, 0% used [0x00000000d5f00000,0x00000000d5f00000,0x00000000db380000)
  from space 17920K, 52% used [0x00000000db380000,0x00000000dbcb0060,0x00000000dc500000)
  to   space 16896K, 0% used [0x00000000e0f80000,0x00000000e0f80000,0x00000000e2000000)
 ParOldGen       total 66560K, used 22684K [0x0000000081c00000, 0x0000000085d00000, 0x00000000d5f00000)
  object space 66560K, 34% used [0x0000000081c00000,0x0000000083227038,0x0000000085d00000)
 Metaspace       used 22069K, capacity 22406K, committed 22656K, reserved 1069056K
  class space    used 2812K, capacity 2899K, committed 2944K, reserved 1048576K
}
Event: 7.897 GC heap before
{Heap before GC invocations=9 (full 1):
 PSYoungGen      total 104448K, used 95936K [0x00000000d5f00000, 0x00000000e2000000, 0x0000000100000000)
  eden space 86528K, 100% used [0x00000000d5f00000,0x00000000db380000,0x00000000db380000)
  from space 17920K, 52% used [0x00000000db380000,0x00000000dbcb0060,0x00000000dc500000)
  to   space 16896K, 0% used [0x00000000e0f80000,0x00000000e0f80000,0x00000000e2000000)
 ParOldGen       total 66560K, used 22684K [0x0000000081c00000, 0x0000000085d00000, 0x00000000d5f00000)
  object space 66560K, 34% used [0x0000000081c00000,0x0000000083227038,0x0000000085d00000)
 Metaspace       used 22069K, capacity 22406K, committed 22656K, reserved 1069056K
  class space    used 2812K, capacity 2899K, committed 2944K, reserved 1048576K
Event: 7.911 GC heap after
Heap after GC invocations=9 (full 1):
 PSYoungGen      total 181760K, used 9056K [0x00000000d5f00000, 0x00000000e2080000, 0x0000000100000000)
  eden space 164864K, 0% used [0x00000000d5f00000,0x00000000d5f00000,0x00000000e0000000)
  from space 16896K, 53% used [0x00000000e0f80000,0x00000000e1858040,0x00000000e2000000)
  to   space 15872K, 0% used [0x00000000e0000000,0x00000000e0000000,0x00000000e0f80000)
 ParOldGen       total 66560K, used 26356K [0x0000000081c00000, 0x0000000085d00000, 0x00000000d5f00000)
  object space 66560K, 39% used [0x0000000081c00000,0x00000000835bd068,0x0000000085d00000)
 Metaspace       used 22069K, capacity 22406K, committed 22656K, reserved 1069056K
  class space    used 2812K, capacity 2899K, committed 2944K, reserved 1048576K
}
Event: 10.098 GC heap before
{Heap before GC invocations=10 (full 1):
 PSYoungGen      total 181760K, used 172927K [0x00000000d5f00000, 0x00000000e2080000, 0x0000000100000000)
  eden space 164864K, 99% used [0x00000000d5f00000,0x00000000dff07ee8,0x00000000e0000000)
  from space 16896K, 53% used [0x00000000e0f80000,0x00000000e1858040,0x00000000e2000000)
  to   space 15872K, 0% used [0x00000000e0000000,0x00000000e0000000,0x00000000e0f80000)
 ParOldGen       total 66560K, used 26356K [0x0000000081c00000, 0x0000000085d00000, 0x00000000d5f00000)
  object space 66560K, 39% used [0x0000000081c00000,0x00000000835bd068,0x0000000085d00000)
 Metaspace       used 22651K, capacity 22982K, committed 23296K, reserved 1069056K
  class space    used 2861K, capacity 2963K, committed 3072K, reserved 1048576K
Event: 10.111 GC heap after
Heap after GC invocations=10 (full 1):
 PSYoungGen      total 180736K, used 13918K [0x00000000d5f00000, 0x00000000e7980000, 0x0000000100000000)
  eden space 164864K, 0% used [0x00000000d5f00000,0x00000000d5f00000,0x00000000e0000000)
  from space 15872K, 87% used [0x00000000e0000000,0x00000000e0d97b98,0x00000000e0f80000)
  to   space 17408K, 0% used [0x00000000e6880000,0x00000000e6880000,0x00000000e7980000)
 ParOldGen       total 66560K, used 29108K [0x0000000081c00000, 0x0000000085d00000, 0x00000000d5f00000)
  object space 66560K, 43% used [0x0000000081c00000,0x000000008386d078,0x0000000085d00000)
 Metaspace       used 22651K, capacity 22982K, committed 23296K, reserved 1069056K
  class space    used 2861K, capacity 2963K, committed 3072K, reserved 1048576K
}

